Screen 0: minimum 320 x 200, current 7680 x 2160, maximum 16384 x 16384
DP-3 disconnected (normal left inverted right x axis y axis)
DP-1 connected 3840x2160+0+0 (normal left inverted right x axis y axis) 597mm x 336mm
   3840x2160     60.00*+  60.00    59.94    60.02    50.00    48.01    59.97    30.00    25.00    24.00    29.97    23.98  
   3200x1800     59.96    59.94  
   2880x1620     59.96    59.97  
   2560x1600     59.99    59.97  
   2560x1440     59.99    59.96    59.95  
   2048x1536     75.00    60.00  
   1920x1440     75.00    60.00  
   2048x1280     59.99  
   1856x1392     75.00    60.01  
   1792x1344     75.00    60.01  
   2048x1152     59.99    59.98    59.90    59.91  
   1920x1200     60.00    59.88    59.95  
   1920x1080     60.01    59.97    59.96    60.00    60.00    50.00    59.94    59.93    25.00    24.00    23.98  
   1600x1200     75.00    70.00    65.00    60.00  
   1680x1050     60.00    59.95    59.88  
   1400x1050     74.76    59.98  
   1600x900      59.99    59.94    59.95    60.00    59.82  
   1280x1024     75.02    60.02  
   1440x900      60.00  
   1400x900      59.96    59.88  
   1280x960      60.00  
   1440x810      60.00    59.97  
   1368x768      59.88    59.85  
   1280x800      60.00    59.99    59.97    59.81    59.91  
   1152x864      75.00  
   1280x720      60.00    59.99    59.86    60.00    59.94    59.74  
   1024x768      75.05    60.04    75.03    70.07    60.00  
   960x720       75.00    60.00  
   928x696       75.00    60.05  
   896x672       75.05    60.01  
   1024x576      59.95    59.96    59.90    59.82  
   960x600       59.93    60.00  
   832x624       74.55  
   960x540       59.96    59.99    59.63    59.82  
   800x600       75.00    70.00    65.00    60.00    72.19    75.00    60.32    56.25  
   840x525       60.01    59.88  
   864x486       59.92    59.57  
   720x576       50.00  
   700x525       74.76    59.98  
   800x450       59.95    59.82  
   720x480       60.00    59.94  
   640x512       75.02    60.02  
   700x450       59.96    59.88  
   640x480       60.00    75.00    72.81    75.00    60.00    59.94  
   720x405       59.51    58.99  
   720x400       70.08  
   684x384       59.88    59.85  
   640x400       59.88    59.98  
   576x432       75.00  
   640x360       59.86    59.83    59.84    59.32  
   512x384       75.03    70.07    60.00  
   512x288       60.00    59.92  
   416x312       74.66  
   480x270       59.63    59.82  
   400x300       72.19    75.12    60.32    56.34  
   432x243       59.92    59.57  
   320x240       72.81    75.00    60.05  
   360x202       59.51    59.13  
   320x180       59.84    59.32  
HDMI-1 connected primary 3840x2160+3840+0 (normal left inverted right x axis y axis) 597mm x 336mm
   3840x2160     60.00*+  50.00    48.01    59.94    59.97    30.00    25.00    24.00    29.97    23.98  
   3200x1800     59.96    59.94  
   2880x1620     59.96    59.97  
   2560x1600     59.99    59.97  
   2560x1440     59.99    59.96    59.95  
   2048x1536     75.00    60.00  
   1920x1440     75.00    60.00  
   1856x1392     75.00    60.01  
   1792x1344     75.00    60.01  
   2048x1152     59.99    59.98    59.90    59.91  
   1920x1200     60.00    59.88    59.95  
   1920x1080     60.01    59.97    59.96    60.00    60.00    50.00    59.94    59.93    25.00    24.00    23.98  
   1600x1200     75.00    70.00    65.00    60.00  
   1680x1050     60.00    59.95    59.88  
   1400x1050     74.76    59.98  
   1600x900      59.99    59.94    59.95    60.00    59.82  
   1280x1024     75.02    60.02  
   1440x900      60.00  
   1400x900      59.96    59.88  
   1280x960      60.00  
   1440x810      60.00    59.97  
   1368x768      59.88    59.85  
   1280x800      60.00    59.99    59.97    59.81    59.91  
   1152x864      75.00  
   1280x720      60.00    59.99    59.86    60.00    59.94    59.74  
   1024x768      75.05    60.04    75.03    70.07    60.00  
   960x720       75.00    60.00  
   928x696       75.00    60.05  
   896x672       75.05    60.01  
   1024x576      59.95    59.96    59.90    59.82  
   960x600       59.93    60.00  
   832x624       74.55  
   960x540       59.96    59.99    59.63    59.82  
   800x600       75.00    70.00    65.00    60.00    72.19    75.00    60.32    56.25  
   840x525       60.01    59.88  
   864x486       59.92    59.57  
   720x576       50.00  
   700x525       74.76    59.98  
   800x450       59.95    59.82  
   720x480       60.00    59.94  
   640x512       75.02    60.02  
   700x450       59.96    59.88  
   640x480       60.00    75.00    72.81    75.00    60.00    59.94  
   720x405       59.51    58.99  
   720x400       70.08  
   684x384       59.88    59.85  
   640x400       59.88    59.98  
   576x432       75.00  
   640x360       59.86    59.83    59.84    59.32  
   512x384       75.03    70.07    60.00  
   512x288       60.00    59.92  
   416x312       74.66  
   480x270       59.63    59.82  
   400x300       72.19    75.12    60.32    56.34  
   432x243       59.92    59.57  
   320x240       72.81    75.00    60.05  
   360x202       59.51    59.13  
   320x180       59.84    59.32  
DP-2 disconnected (normal left inverted right x axis y axis)
DP-4 disconnected (normal left inverted right x axis y axis)
DP-5 disconnected (normal left inverted right x axis y axis)
DP-6 disconnected (normal left inverted right x axis y axis)
DP-7 disconnected (normal left inverted right x axis y axis)
DP-8 disconnected (normal left inverted right x axis y axis)
